2025-09-16 00:57:00 [INFO] Iniciando carregamento do arquivo de mídias: 'Arquivos/Midia.csv'.
2025-09-16 01:00:15 [INFO] Iniciando carregamento do arquivo de mídias: 'App/Arquivos/Midia.csv'.
2025-09-16 01:00:15 [DEBUG] 20 linhas de dados encontradas em 'App/Arquivos/Midia.csv'.
2025-09-16 01:00:15 [INFO] Carregamento de 'App/Arquivos/Midia.csv' concluído. 20 mídias carregadas. 0 linhas com erro.
2025-09-16 01:00:15 [INFO] Iniciando carregamento do arquivo de usuários: 'App/Arquivos/Users.csv'.
2025-09-16 01:00:15 [DEBUG] 5 linhas de dados encontradas em 'App/Arquivos/Users.csv'.
2025-09-16 01:00:15 [INFO] Carregamento de 'App/Arquivos/Users.csv' concluído. 5 usuários carregados. 0 linhas com erro.
2025-09-16 01:00:20 [INFO] Dados de 20 mídias salvas em 'App/Arquivos/midias.csv'.
2025-09-16 01:00:20 [INFO] Dados de 5 usuários salvos em 'App/Arquivos/usuarios.csv'.
2025-09-16 01:04:25 [INFO] Iniciando carregamento do arquivo de mídias: 'Src/Services/Arquivos/Midia.csv'.
2025-09-16 01:04:25 [DEBUG] 20 linhas de dados encontradas em 'Src/Services/Arquivos/Midia.csv'.
2025-09-16 01:04:25 [INFO] Carregamento de 'Src/Services/Arquivos/Midia.csv' concluído. 20 mídias carregadas. 0 linhas com erro.
2025-09-16 01:04:25 [INFO] Iniciando carregamento do arquivo de usuários: 'Src/Services/Arquivos/Users.csv'.
2025-09-16 01:04:25 [DEBUG] 5 linhas de dados encontradas em 'Src/Services/Arquivos/Users.csv'.
2025-09-16 01:04:25 [INFO] Carregamento de 'Src/Services/Arquivos/Users.csv' concluído. 5 usuários carregados. 0 linhas com erro.
2025-09-16 01:04:40 [INFO] Dados de 20 mídias salvas em 'Src/Services/Arquivos/midias.csv'.
2025-09-16 01:04:40 [INFO] Dados de 5 usuários salvos em 'Src/Services/Arquivos/usuarios.csv'.
2025-09-17 23:41:11 [INFO] Iniciando carregamento do arquivo de mídias: 'Src/Services/Arquivos/Midia.csv'.
2025-09-17 23:41:11 [DEBUG] 20 linhas de dados encontradas em 'Src/Services/Arquivos/Midia.csv'.
2025-09-17 23:41:11 [INFO] Carregamento de 'Src/Services/Arquivos/Midia.csv' concluído. 20 mídias carregadas. 0 linhas com erro.
2025-09-17 23:41:11 [INFO] Iniciando carregamento do arquivo de usuários: 'Src/Services/Arquivos/Users.csv'.
2025-09-17 23:41:11 [DEBUG] 5 linhas de dados encontradas em 'Src/Services/Arquivos/Users.csv'.
2025-09-17 23:41:11 [INFO] Carregamento de 'Src/Services/Arquivos/Users.csv' concluído. 5 usuários carregados. 0 linhas com erro.
2025-09-17 23:44:25 [INFO] Iniciando carregamento do arquivo de mídias: 'Src/Services/Arquivos/Midia.csv'.
2025-09-17 23:44:25 [DEBUG] 20 linhas de dados encontradas em 'Src/Services/Arquivos/Midia.csv'.
2025-09-17 23:44:25 [INFO] Carregamento de 'Src/Services/Arquivos/Midia.csv' concluído. 20 mídias carregadas. 0 linhas com erro.
2025-09-17 23:44:25 [INFO] Iniciando carregamento do arquivo de usuários: 'Src/Services/Arquivos/Users.csv'.
2025-09-17 23:44:25 [DEBUG] 5 linhas de dados encontradas em 'Src/Services/Arquivos/Users.csv'.
2025-09-17 23:44:25 [INFO] Carregamento de 'Src/Services/Arquivos/Users.csv' concluído. 5 usuários carregados. 0 linhas com erro.
2025-09-17 23:44:38 [INFO] Iniciando carregamento do arquivo de mídias: 'Src/Services/Arquivos/Midia.csv'.
2025-09-17 23:44:38 [DEBUG] 20 linhas de dados encontradas em 'Src/Services/Arquivos/Midia.csv'.
2025-09-17 23:44:38 [INFO] Carregamento de 'Src/Services/Arquivos/Midia.csv' concluído. 20 mídias carregadas. 0 linhas com erro.
2025-09-17 23:44:38 [INFO] Iniciando carregamento do arquivo de usuários: 'Src/Services/Arquivos/Users.csv'.
2025-09-17 23:44:38 [DEBUG] 5 linhas de dados encontradas em 'Src/Services/Arquivos/Users.csv'.
2025-09-17 23:44:38 [INFO] Carregamento de 'Src/Services/Arquivos/Users.csv' concluído. 5 usuários carregados. 0 linhas com erro.
2025-09-17 23:48:43 [INFO] Sessão de cadastro de nova mídia iniciada.
2025-09-17 23:48:48 [DEBUG] Usuário selecionou o tipo 'Livro'.
2025-09-17 23:49:33 [INFO] Nova mídia ('E Não Sobrou Nenhum') validada com sucesso.
2025-09-17 23:49:46 [INFO] Dados de 21 mídias salvas em 'Src/Services/Arquivos/midias.csv'.
2025-09-17 23:49:46 [INFO] Dados de 5 usuários salvos em 'Src/Services/Arquivos/usuarios.csv'.
2025-09-17 23:50:47 [INFO] Iniciando carregamento do arquivo de mídias: 'Src/Services/Arquivos/Midia.csv'.
2025-09-17 23:50:47 [DEBUG] 20 linhas de dados encontradas em 'Src/Services/Arquivos/Midia.csv'.
2025-09-17 23:50:47 [INFO] Carregamento de 'Src/Services/Arquivos/Midia.csv' concluído. 20 mídias carregadas. 0 linhas com erro.
2025-09-17 23:50:47 [INFO] Iniciando carregamento do arquivo de usuários: 'Src/Services/Arquivos/Users.csv'.
2025-09-17 23:50:47 [DEBUG] 5 linhas de dados encontradas em 'Src/Services/Arquivos/Users.csv'.
2025-09-17 23:50:47 [INFO] Carregamento de 'Src/Services/Arquivos/Users.csv' concluído. 5 usuários carregados. 0 linhas com erro.
2025-09-17 23:55:21 [INFO] Iniciando carregamento do arquivo de mídias: 'Src/Services/Arquivos/midias.csv'.
2025-09-17 23:55:21 [DEBUG] 21 linhas de dados encontradas em 'Src/Services/Arquivos/midias.csv'.
2025-09-17 23:55:21 [INFO] Carregamento de 'Src/Services/Arquivos/midias.csv' concluído. 21 mídias carregadas. 0 linhas com erro.
2025-09-17 23:55:21 [INFO] Iniciando carregamento do arquivo de usuários: 'Src/Services/Arquivos/usuarios.csv'.
2025-09-17 23:55:21 [DEBUG] 5 linhas de dados encontradas em 'Src/Services/Arquivos/usuarios.csv'.
2025-09-17 23:55:21 [INFO] Carregamento de 'Src/Services/Arquivos/usuarios.csv' concluído. 5 usuários carregados. 0 linhas com erro.
2025-09-17 23:55:52 [INFO] Sessão de cadastro de novo usuário iniciada.
2025-09-17 23:56:07 [INFO] Sessão de cadastro de novo usuário iniciada.
2025-09-17 23:56:32 [INFO] Novo usuário 'Ryan Costa' criado com sucesso.
2025-09-17 23:56:52 [INFO] Dados de 21 mídias salvas em 'Src/Services/Arquivos/midias.csv'.
2025-09-17 23:56:52 [INFO] Dados de 6 usuários salvos em 'Src/Services/Arquivos/usuarios.csv'.
2025-09-18 00:24:38 [INFO] Iniciando carregamento do arquivo de mídias: 'Src/Services/Arquivos/midias.csv'.
2025-09-18 00:24:38 [DEBUG] 21 linhas de dados encontradas em 'Src/Services/Arquivos/midias.csv'.
2025-09-18 00:24:38 [INFO] Carregamento de 'Src/Services/Arquivos/midias.csv' concluído. 21 mídias carregadas. 0 linhas com erro.
2025-09-18 00:24:38 [INFO] Iniciando carregamento do arquivo de usuários: 'Src/Services/Arquivos/usuarios.csv'.
2025-09-18 00:24:38 [DEBUG] 6 linhas de dados encontradas em 'Src/Services/Arquivos/usuarios.csv'.
2025-09-18 00:24:38 [INFO] Carregamento de 'Src/Services/Arquivos/usuarios.csv' concluído. 6 usuários carregados. 0 linhas com erro.
2025-09-18 01:09:54 [INFO] Iniciando carregamento do arquivo de mídias: 'Src/Services/Arquivos/midias.csv'.
2025-09-18 01:09:54 [DEBUG] 21 linhas de dados encontradas em 'Src/Services/Arquivos/midias.csv'.
2025-09-18 01:09:54 [INFO] Carregamento de 'Src/Services/Arquivos/midias.csv' concluído. 21 mídias carregadas. 0 linhas com erro.
2025-09-18 01:09:54 [INFO] Iniciando carregamento do arquivo de usuários: 'Src/Services/Arquivos/usuarios.csv'.
2025-09-18 01:09:54 [DEBUG] 6 linhas de dados encontradas em 'Src/Services/Arquivos/usuarios.csv'.
2025-09-18 01:09:54 [INFO] Carregamento de 'Src/Services/Arquivos/usuarios.csv' concluído. 6 usuários carregados. 0 linhas com erro.
2025-09-18 01:09:54 [INFO] Carregamento de 'Src/Services/Arquivos/emprestimos.csv' concluído. 0 empréstimos carregados. 0 linhas com erro.
2025-09-18 01:10:13 [INFO] Iniciando processo de empréstimo.
2025-09-18 01:10:13 [INFO] Usuário e mídia encontrados. Verificando disponibilidade da mídia: E Não Sobrou Nenhum
2025-09-18 01:10:13 [INFO] Novo empréstimo criado: Emprestimo {emprestimoUsuario = Usuario {nome = "Ryan Costa", matricula = "12421", email = "ryan@mail.com"}, emprestimoMidia = Midia {cod = 1212, titulo = "E N\227o Sobrou Nenhum", ano = 1939, criacao = AutorLivro {autor = "INDEFINIDO"}}, dataEmprestimo = 2025-09-18}
2025-09-18 01:30:04 [INFO] Iniciando carregamento do arquivo de mídias: 'Src/Services/Arquivos/midias.csv'.
2025-09-18 01:30:04 [DEBUG] 21 linhas de dados encontradas em 'Src/Services/Arquivos/midias.csv'.
2025-09-18 01:30:04 [INFO] Carregamento de 'Src/Services/Arquivos/midias.csv' concluído. 21 mídias carregadas. 0 linhas com erro.
2025-09-18 01:30:04 [INFO] Iniciando carregamento do arquivo de usuários: 'Src/Services/Arquivos/usuarios.csv'.
2025-09-18 01:30:04 [DEBUG] 6 linhas de dados encontradas em 'Src/Services/Arquivos/usuarios.csv'.
2025-09-18 01:30:04 [INFO] Carregamento de 'Src/Services/Arquivos/usuarios.csv' concluído. 6 usuários carregados. 0 linhas com erro.
2025-09-18 01:30:04 [INFO] Carregamento de 'Src/Services/Arquivos/emprestimos.csv' concluído. 0 empréstimos carregados. 0 linhas com erro.
2025-09-18 01:30:18 [INFO] Iniciando processo de empréstimo.
2025-09-18 01:30:18 [INFO] Usuário e mídia encontrados. Verificando disponibilidade da mídia: E Não Sobrou Nenhum
2025-09-18 01:30:18 [INFO] Novo empréstimo criado: Emprestimo {emprestimoUsuario = Usuario {nome = "Ryan Costa", matricula = "12421", email = "ryan@mail.com"}, emprestimoMidia = Midia {cod = 1212, titulo = "E N\227o Sobrou Nenhum", ano = 1939, criacao = AutorLivro {autor = "INDEFINIDO"}}, dataEmprestimo = 2025-09-18}
2025-09-18 01:30:34 [INFO] Iniciando processo de devolução.
2025-09-18 01:30:34 [INFO] Devolução encontrada. Removendo o empréstimo: Emprestimo {emprestimoUsuario = Usuario {nome = "Ryan Costa", matricula = "12421", email = "ryan@mail.com"}, emprestimoMidia = Midia {cod = 1212, titulo = "E N\227o Sobrou Nenhum", ano = 1939, criacao = AutorLivro {autor = "INDEFINIDO"}}, dataEmprestimo = 2025-09-18}
2025-09-18 01:37:58 [INFO] Iniciando carregamento do arquivo de mídias: 'Src/Services/Arquivos/midias.csv'.
2025-09-18 01:37:58 [DEBUG] 21 linhas de dados encontradas em 'Src/Services/Arquivos/midias.csv'.
2025-09-18 01:37:58 [INFO] Carregamento de 'Src/Services/Arquivos/midias.csv' concluído. 21 mídias carregadas. 0 linhas com erro.
2025-09-18 01:37:58 [INFO] Iniciando carregamento do arquivo de usuários: 'Src/Services/Arquivos/usuarios.csv'.
2025-09-18 01:37:58 [DEBUG] 6 linhas de dados encontradas em 'Src/Services/Arquivos/usuarios.csv'.
2025-09-18 01:37:58 [INFO] Carregamento de 'Src/Services/Arquivos/usuarios.csv' concluído. 6 usuários carregados. 0 linhas com erro.
2025-09-18 01:37:58 [INFO] Carregamento de 'Src/Services/Arquivos/emprestimos.csv' concluído. 0 empréstimos carregados. 0 linhas com erro.
2025-09-18 01:39:36 [INFO] Iniciando carregamento do arquivo de mídias: 'Src/Services/Arquivos/midias.csv'.
2025-09-18 01:39:36 [DEBUG] 21 linhas de dados encontradas em 'Src/Services/Arquivos/midias.csv'.
2025-09-18 01:39:36 [INFO] Carregamento de 'Src/Services/Arquivos/midias.csv' concluído. 21 mídias carregadas. 0 linhas com erro.
2025-09-18 01:39:36 [INFO] Iniciando carregamento do arquivo de usuários: 'Src/Services/Arquivos/usuarios.csv'.
2025-09-18 01:39:36 [DEBUG] 6 linhas de dados encontradas em 'Src/Services/Arquivos/usuarios.csv'.
2025-09-18 01:39:36 [INFO] Carregamento de 'Src/Services/Arquivos/usuarios.csv' concluído. 6 usuários carregados. 0 linhas com erro.
2025-09-18 01:39:36 [INFO] Carregamento de 'Src/Services/Arquivos/emprestimos.csv' concluído. 0 empréstimos carregados. 0 linhas com erro.
2025-09-18 01:40:18 [INFO] Iniciando carregamento do arquivo de mídias: 'Src/Services/Arquivos/midias.csv'.
2025-09-18 01:40:18 [DEBUG] 21 linhas de dados encontradas em 'Src/Services/Arquivos/midias.csv'.
2025-09-18 01:40:18 [INFO] Carregamento de 'Src/Services/Arquivos/midias.csv' concluído. 21 mídias carregadas. 0 linhas com erro.
2025-09-18 01:40:18 [INFO] Iniciando carregamento do arquivo de usuários: 'Src/Services/Arquivos/usuarios.csv'.
2025-09-18 01:40:18 [DEBUG] 6 linhas de dados encontradas em 'Src/Services/Arquivos/usuarios.csv'.
2025-09-18 01:40:18 [INFO] Carregamento de 'Src/Services/Arquivos/usuarios.csv' concluído. 6 usuários carregados. 0 linhas com erro.
2025-09-18 01:40:18 [INFO] Carregamento de 'Src/Services/Arquivos/emprestimos.csv' concluído. 0 empréstimos carregados. 0 linhas com erro.
2025-09-18 01:43:49 [INFO] Iniciando carregamento do arquivo de mídias: 'Src/Services/Arquivos/midias.csv'.
2025-09-18 01:43:49 [DEBUG] 21 linhas de dados encontradas em 'Src/Services/Arquivos/midias.csv'.
2025-09-18 01:43:49 [INFO] Carregamento de 'Src/Services/Arquivos/midias.csv' concluído. 21 mídias carregadas. 0 linhas com erro.
2025-09-18 01:43:49 [INFO] Iniciando carregamento do arquivo de usuários: 'Src/Services/Arquivos/usuarios.csv'.
2025-09-18 01:43:49 [DEBUG] 6 linhas de dados encontradas em 'Src/Services/Arquivos/usuarios.csv'.
2025-09-18 01:43:49 [INFO] Carregamento de 'Src/Services/Arquivos/usuarios.csv' concluído. 6 usuários carregados. 0 linhas com erro.
2025-09-18 01:43:49 [INFO] Carregamento de 'Src/Services/Arquivos/emprestimos.csv' concluído. 0 empréstimos carregados. 0 linhas com erro.
2025-09-18 01:44:31 [INFO] Iniciando carregamento do arquivo de mídias: 'Src/Services/Arquivos/midias.csv'.
2025-09-18 01:44:31 [DEBUG] 21 linhas de dados encontradas em 'Src/Services/Arquivos/midias.csv'.
2025-09-18 01:44:31 [INFO] Carregamento de 'Src/Services/Arquivos/midias.csv' concluído. 21 mídias carregadas. 0 linhas com erro.
2025-09-18 01:44:31 [INFO] Iniciando carregamento do arquivo de usuários: 'Src/Services/Arquivos/usuarios.csv'.
2025-09-18 01:44:31 [DEBUG] 6 linhas de dados encontradas em 'Src/Services/Arquivos/usuarios.csv'.
2025-09-18 01:44:31 [INFO] Carregamento de 'Src/Services/Arquivos/usuarios.csv' concluído. 6 usuários carregados. 0 linhas com erro.
2025-09-18 01:44:31 [INFO] Carregamento de 'Src/Services/Arquivos/emprestimos.csv' concluído. 0 empréstimos carregados. 0 linhas com erro.
